<?xml version="1.0" encoding="UTF-8"?>
<!-- Generated by org.testng.reporters.JUnitXMLReporter -->
<testsuite hostname="DESKTOP-0QVDKC7" name="Validating title in the Page" tests="1" failures="1" timestamp="8 Apr 2021 11:47:40 GMT" time="11.765" errors="0">
  <testcase name="validateAppTitle" time="9.005" classname="academy.ValidateTitle">
    <failure type="java.lang.AssertionError" message="expected [FEATURED COUR13SES] but found [FEATURED COURSES]">
      <![CDATA[java.lang.AssertionError: expected [FEATURED COUR13SES] but found [FEATURED COURSES]
	at academy.ValidateTitle.validateAppTitle(ValidateTitle.java:33)
... Removed 29 stack frames]]>
    </failure>
  </testcase> <!-- validateAppTitle -->
</testsuite> <!-- Validating title in the Page -->
