<?xml version="1.0" encoding="UTF-8"?>
<testng-results skipped="0" failed="1" total="4" passed="3">
  <reporter-output>
  </reporter-output>
  <suite name="Suite" duration-ms="42511" started-at="2021-04-08T11:46:58Z" finished-at="2021-04-08T11:47:40Z">
    <groups>
    </groups>
    <test name="Validating User login" duration-ms="19235" started-at="2021-04-08T11:46:58Z" finished-at="2021-04-08T11:47:17Z">
      <class name="academy.HomePage">
        <test-method status="PASS" signature="initialize()[pri:0, instance:academy.HomePage@68878f6d]" name="initialize" is-config="true" duration-ms="3653" started-at="2021-04-08T07:46:58Z" finished-at="2021-04-08T07:47:01Z">
          <reporter-output>
          </reporter-output>
        </test-method> <!-- initialize -->
        <test-method status="PASS" signature="basePageNavigation(java.lang.String, java.lang.String)[pri:0, instance:academy.HomePage@68878f6d]" name="basePageNavigation" duration-ms="11575" started-at="2021-04-08T07:47:01Z" data-provider="getData" finished-at="2021-04-08T07:47:13Z">
          <params>
            <param index="0">
              <value>
                <![CDATA[abc@123]]>
              </value>
            </param>
            <param index="1">
              <value>
                <![CDATA[12345]]>
              </value>
            </param>
          </params>
          <reporter-output>
          </reporter-output>
        </test-method> <!-- basePageNavigation -->
        <test-method status="PASS" signature="basePageNavigation(java.lang.String, java.lang.String)[pri:0, instance:academy.HomePage@68878f6d]" name="basePageNavigation" duration-ms="3827" started-at="2021-04-08T07:47:13Z" data-provider="getData" finished-at="2021-04-08T07:47:17Z">
          <params>
            <param index="0">
              <value>
                <![CDATA[abcd@123]]>
              </value>
            </param>
            <param index="1">
              <value>
                <![CDATA[1234567]]>
              </value>
            </param>
          </params>
          <reporter-output>
          </reporter-output>
        </test-method> <!-- basePageNavigation -->
        <test-method status="PASS" signature="teardown()[pri:0, instance:academy.HomePage@68878f6d]" name="teardown" is-config="true" duration-ms="144" started-at="2021-04-08T07:47:17Z" finished-at="2021-04-08T07:47:17Z">
          <reporter-output>
          </reporter-output>
        </test-method> <!-- teardown -->
      </class> <!-- academy.HomePage -->
    </test> <!-- Validating User login -->
    <test name="Validating navigation Bar" duration-ms="10704" started-at="2021-04-08T11:47:18Z" finished-at="2021-04-08T11:47:28Z">
      <class name="academy.ValidateNavigationBar">
        <test-method status="PASS" signature="initialize()[pri:0, instance:academy.ValidateNavigationBar@4c5ae43b]" name="initialize" is-config="true" duration-ms="1913" started-at="2021-04-08T07:47:18Z" finished-at="2021-04-08T07:47:20Z">
          <reporter-output>
          </reporter-output>
        </test-method> <!-- initialize -->
        <test-method status="PASS" signature="validateAppNavBar()[pri:0, instance:academy.ValidateNavigationBar@4c5ae43b]" name="validateAppNavBar" duration-ms="8652" started-at="2021-04-08T07:47:20Z" finished-at="2021-04-08T07:47:28Z">
          <reporter-output>
          </reporter-output>
        </test-method> <!-- validateAppNavBar -->
        <test-method status="PASS" signature="teardown()[pri:0, instance:academy.ValidateNavigationBar@4c5ae43b]" name="teardown" is-config="true" duration-ms="134" started-at="2021-04-08T07:47:28Z" finished-at="2021-04-08T07:47:28Z">
          <reporter-output>
          </reporter-output>
        </test-method> <!-- teardown -->
      </class> <!-- academy.ValidateNavigationBar -->
    </test> <!-- Validating navigation Bar -->
    <test name="Validating title in the Page" duration-ms="11765" started-at="2021-04-08T11:47:29Z" finished-at="2021-04-08T11:47:40Z">
      <class name="academy.ValidateTitle">
        <test-method status="PASS" signature="initialize()[pri:0, instance:academy.ValidateTitle@1169afe1]" name="initialize" is-config="true" duration-ms="1945" started-at="2021-04-08T07:47:29Z" finished-at="2021-04-08T07:47:31Z">
          <reporter-output>
          </reporter-output>
        </test-method> <!-- initialize -->
        <test-method status="FAIL" signature="validateAppTitle()[pri:0, instance:academy.ValidateTitle@1169afe1]" name="validateAppTitle" duration-ms="9005" started-at="2021-04-08T07:47:31Z" finished-at="2021-04-08T07:47:40Z">
          <exception class="java.lang.AssertionError">
            <message>
              <![CDATA[expected [FEATURED COUR13SES] but found [FEATURED COURSES]]]>
            </message>
            <full-stacktrace>
              <![CDATA[java.lang.AssertionError: expected [FEATURED COUR13SES] but found [FEATURED COURSES]
	at org.testng.Assert.fail(Assert.java:94)
	at org.testng.Assert.failNotEquals(Assert.java:494)
	at org.testng.Assert.assertEquals(Assert.java:123)
	at org.testng.Assert.assertEquals(Assert.java:176)
	at org.testng.Assert.assertEquals(Assert.java:186)
	at academy.ValidateTitle.validateAppTitle(ValidateTitle.java:33)
	at sun.reflect.NativeMethodAccessorImpl.invoke0(Native Method)
	at sun.reflect.NativeMethodAccessorImpl.invoke(Unknown Source)
	at sun.reflect.DelegatingMethodAccessorImpl.invoke(Unknown Source)
	at java.lang.reflect.Method.invoke(Unknown Source)
	at org.testng.internal.MethodInvocationHelper.invokeMethod(MethodInvocationHelper.java:80)
	at org.testng.internal.Invoker.invokeMethod(Invoker.java:714)
	at org.testng.internal.Invoker.invokeTestMethod(Invoker.java:901)
	at org.testng.internal.Invoker.invokeTestMethods(Invoker.java:1231)
	at org.testng.internal.TestMethodWorker.invokeTestMethods(TestMethodWorker.java:127)
	at org.testng.internal.TestMethodWorker.run(TestMethodWorker.java:111)
	at org.testng.TestRunner.privateRun(TestRunner.java:767)
	at org.testng.TestRunner.run(TestRunner.java:617)
	at org.testng.SuiteRunner.runTest(SuiteRunner.java:334)
	at org.testng.SuiteRunner.runSequentially(SuiteRunner.java:329)
	at org.testng.SuiteRunner.privateRun(SuiteRunner.java:291)
	at org.testng.SuiteRunner.run(SuiteRunner.java:240)
	at org.testng.SuiteRunnerWorker.runSuite(SuiteRunnerWorker.java:52)
	at org.testng.SuiteRunnerWorker.run(SuiteRunnerWorker.java:86)
	at org.testng.TestNG.runSuitesSequentially(TestNG.java:1198)
	at org.testng.TestNG.runSuitesLocally(TestNG.java:1123)
	at org.testng.TestNG.run(TestNG.java:1031)
	at org.testng.remote.AbstractRemoteTestNG.run(AbstractRemoteTestNG.java:115)
	at org.testng.remote.RemoteTestNG.initAndRun(RemoteTestNG.java:251)
	at org.testng.remote.RemoteTestNG.main(RemoteTestNG.java:77)
]]>
            </full-stacktrace>
          </exception> <!-- java.lang.AssertionError -->
          <reporter-output>
          </reporter-output>
        </test-method> <!-- validateAppTitle -->
        <test-method status="PASS" signature="teardown()[pri:0, instance:academy.ValidateTitle@1169afe1]" name="teardown" is-config="true" duration-ms="161" started-at="2021-04-08T07:47:40Z" finished-at="2021-04-08T07:47:40Z">
          <reporter-output>
          </reporter-output>
        </test-method> <!-- teardown -->
      </class> <!-- academy.ValidateTitle -->
    </test> <!-- Validating title in the Page -->
  </suite> <!-- Suite -->
</testng-results>
